\BOOKMARK [0][-]{chapter*.2}{\376\377\000D\000e\000d\000i\000c\000a\000t\000o\000r\000i\000a}{}% 1
\BOOKMARK [0][-]{chapter*.6}{\376\377\000A\000c\000r\000\363\000n\000i\000m\000o\000s}{}% 2
\BOOKMARK [0][-]{chapter.1}{\376\377\000I\000n\000t\000r\000o\000d\000u\000c\000c\000i\000\363\000n}{}% 3
\BOOKMARK [1][-]{section.1.1}{\376\377\000C\000o\000n\000t\000e\000x\000t\000o\000\040\000g\000e\000n\000e\000r\000a\000l\000\040\000d\000e\000\040\000l\000a\000s\000\040\000r\000e\000d\000e\000s\000\040\0005\000G\000\040\000y\000\040\000b\000e\000y\000o\000n\000d}{chapter.1}% 4
\BOOKMARK [1][-]{section.1.2}{\376\377\000M\000o\000t\000i\000v\000a\000c\000i\000\363\000n\000\040\000d\000e\000l\000\040\000e\000s\000t\000u\000d\000i\000o}{chapter.1}% 5
\BOOKMARK [1][-]{section.1.3}{\376\377\000P\000r\000o\000b\000l\000e\000m\000\341\000t\000i\000c\000a\000\040\000e\000n\000\040\000l\000a\000\040\000v\000i\000s\000i\000b\000i\000l\000i\000d\000a\000d\000\040\000y\000\040\000m\000o\000n\000i\000t\000o\000r\000e\000o\000\040\000d\000e\000\040\000r\000e\000d\000e\000s\000\040\0005\000G\000\040\000y\000\040\000b\000e\000y\000o\000n\000d}{chapter.1}% 6
\BOOKMARK [1][-]{section.1.4}{\376\377\000H\000i\000p\000\363\000t\000e\000s\000i\000s\000\040\000y\000\040\000p\000r\000e\000g\000u\000n\000t\000a\000s\000\040\000d\000e\000\040\000i\000n\000v\000e\000s\000t\000i\000g\000a\000c\000i\000\363\000n}{chapter.1}% 7
\BOOKMARK [1][-]{section.1.5}{\376\377\000O\000b\000j\000e\000t\000i\000v\000o\000s\000\040\000g\000e\000n\000e\000r\000a\000l\000e\000s\000\040\000y\000\040\000e\000s\000p\000e\000c\000\355\000f\000i\000c\000o\000s}{chapter.1}% 8
\BOOKMARK [1][-]{section.1.6}{\376\377\000M\000e\000t\000o\000d\000o\000l\000o\000g\000\355\000a\000\040\000d\000e\000\040\000t\000r\000a\000b\000a\000j\000o}{chapter.1}% 9
\BOOKMARK [1][-]{section.1.7}{\376\377\000E\000s\000t\000r\000u\000c\000t\000u\000r\000a\000\040\000d\000e\000l\000\040\000d\000o\000c\000u\000m\000e\000n\000t\000o}{chapter.1}% 10
\BOOKMARK [1][-]{section.1.8}{\376\377\000R\000e\000s\000u\000m\000e\000n\000\040\000d\000e\000\040\000c\000a\000p\000\355\000t\000u\000l\000o\000s}{chapter.1}% 11
\BOOKMARK [0][-]{chapter.2}{\376\377\000F\000u\000n\000d\000a\000m\000e\000n\000t\000o\000s\000\040\000d\000e\000\040\000l\000a\000s\000\040\000R\000e\000d\000e\000s\000\040\0005\000G\000\040\000y\000\040\000B\000e\000y\000o\000n\000d}{}% 12
\BOOKMARK [1][-]{section.2.1}{\376\377\000E\000v\000o\000l\000u\000c\000i\000\363\000n\000\040\000d\000e\000\040\000t\000e\000c\000n\000o\000l\000o\000g\000\355\000a\000s\000\040\000m\000\363\000v\000i\000l\000e\000s}{chapter.2}% 13
\BOOKMARK [2][-]{subsection.2.1.1}{\376\377\000D\000e\000\040\0001\000G\000\040\000a\000\040\0004\000G\000:\000\040\000H\000i\000t\000o\000s\000\040\000c\000l\000a\000v\000e}{section.2.1}% 14
\BOOKMARK [2][-]{subsection.2.1.2}{\376\377\000D\000e\000\040\0004\000G\000\040\000a\000\040\0005\000G\000\040\000S\000A}{section.2.1}% 15
\BOOKMARK [2][-]{subsection.2.1.3}{\376\377\0005\000G\000\040\000A\000d\000v\000a\000n\000c\000e\000d\000\040\000y\000\040\000B\000e\000y\000o\000n\000d\000-\0005\000G}{section.2.1}% 16
\BOOKMARK [2][-]{subsection.2.1.4}{\376\377\000T\000e\000n\000d\000e\000n\000c\000i\000a\000s\000\040\000h\000a\000c\000i\000a\000\040\0006\000G}{section.2.1}% 17
\BOOKMARK [1][-]{section.2.2}{\376\377\000A\000r\000q\000u\000i\000t\000e\000c\000t\000u\000r\000a\000\040\0005\000G\000\040\000N\000o\000n\000\040\000S\000t\000a\000n\000d\000a\000l\000o\000n\000e\000\040\000\050\000N\000S\000A\000\051\000\040}{chapter.2}% 18
\BOOKMARK [2][-]{subsection.2.2.1}{\376\377\000O\000p\000c\000i\000o\000n\000e\000s\000\040\000d\000e\000\040\000a\000r\000q\000u\000i\000t\000e\000c\000t\000u\000r\000a\000\040\0003\000G\000P\000P\000\040\000p\000a\000r\000a\000\040\0005\000G\000\040\000N\000S\000A}{section.2.2}% 19
\BOOKMARK [1][-]{section.2.3}{\376\377\000A\000r\000q\000u\000i\000t\000e\000c\000t\000u\000r\000a\000\040\0005\000G\000\040\000S\000t\000a\000n\000d\000a\000l\000o\000n\000e\000\040\000\050\000S\000A\000\051}{chapter.2}% 20
\BOOKMARK [2][-]{subsection.2.3.1}{\376\377\000V\000i\000s\000i\000\363\000n\000\040\000g\000e\000n\000e\000r\000a\000l\000\040\000d\000e\000\040\000l\000a\000\040\000a\000r\000q\000u\000i\000t\000e\000c\000t\000u\000r\000a\000\040\0005\000G\000\040\000S\000A}{section.2.3}% 21
\BOOKMARK [2][-]{subsection.2.3.2}{\376\377\000S\000e\000r\000v\000i\000c\000e\000-\000B\000a\000s\000e\000d\000\040\000A\000r\000c\000h\000i\000t\000e\000c\000t\000u\000r\000e\000\040\000\050\000S\000B\000A\000\051}{section.2.3}% 22
\BOOKMARK [2][-]{subsection.2.3.3}{\376\377\000C\000o\000m\000p\000o\000n\000e\000n\000t\000e\000s\000\040\000p\000r\000i\000n\000c\000i\000p\000a\000l\000e\000s\000:\000\040\000A\000M\000F\000,\000\040\000S\000M\000F\000,\000\040\000U\000P\000F\000,\000\040\000A\000U\000S\000F\000,\000\040\000U\000D\000M\000,\000\040\000P\000C\000F\000,\000\040\000N\000R\000F}{section.2.3}% 23
\BOOKMARK [2][-]{subsection.2.3.4}{\376\377\000F\000u\000n\000c\000i\000o\000n\000e\000s\000\040\000d\000e\000l\000\040\000p\000l\000a\000n\000o\000\040\000d\000e\000\040\000c\000o\000n\000t\000r\000o\000l\000\040\000y\000\040\000p\000l\000a\000n\000o\000\040\000d\000e\000\040\000u\000s\000u\000a\000r\000i\000o}{section.2.3}% 24
\BOOKMARK [2][-]{subsection.2.3.5}{\376\377\000I\000n\000t\000e\000r\000f\000a\000c\000e\000s\000\040\000c\000l\000a\000v\000e\000:\000\040\000N\0001\000,\000\040\000N\0002\000,\000\040\000N\0003\000,\000\040\000N\0004\000,\000\040\000N\0006\000,\000\040\000N\0009}{section.2.3}% 25
\BOOKMARK [2][-]{subsection.2.3.6}{\376\377\000N\000G\000R\000A\000N\000\040\000y\000\040\000s\000e\000p\000a\000r\000a\000c\000i\000\363\000n\000\040\000C\000P\000/\000U\000P}{section.2.3}% 26
\BOOKMARK [1][-]{section.2.4}{\376\377\000P\000r\000o\000t\000o\000c\000o\000l\000o\000s\000\040\000r\000e\000l\000e\000v\000a\000n\000t\000e\000s\000\040\000e\000n\000\040\0005\000G}{chapter.2}% 27
\BOOKMARK [2][-]{subsection.2.4.1}{\376\377\000N\000G\000A\000P}{section.2.4}% 28
\BOOKMARK [2][-]{subsection.2.4.2}{\376\377\000S\000C\000T\000P\000\040\000e\000n\000\040\0005\000G}{section.2.4}% 29
\BOOKMARK [2][-]{subsection.2.4.3}{\376\377\000G\000T\000P\000-\000U}{section.2.4}% 30
\BOOKMARK [2][-]{subsection.2.4.4}{\376\377\000P\000F\000C\000P}{section.2.4}% 31
\BOOKMARK [1][-]{section.2.5}{\376\377\000Q\000o\000S\000\040\000e\000n\000\040\0005\000G}{chapter.2}% 32
\BOOKMARK [2][-]{subsection.2.5.1}{\376\377\000C\000o\000n\000c\000e\000p\000t\000o\000s\000\040\000d\000e\000\040\000Q\000F\000I\000,\000\040\0005\000Q\000I\000\040\000y\000\040\000p\000o\000l\000\355\000t\000i\000c\000a\000s\000\040\000d\000e\000\040\000f\000l\000u\000j\000o}{section.2.5}% 33
\BOOKMARK [2][-]{subsection.2.5.2}{\376\377\000P\000r\000o\000g\000r\000a\000m\000a\000c\000i\000\363\000n\000\040\000d\000e\000l\000\040\000t\000r\000\341\000f\000i\000c\000o\000\040\000e\000n\000\040\000U\000P\000F}{section.2.5}% 34
\BOOKMARK [2][-]{subsection.2.5.3}{\376\377\000Q\000o\000S\000-\000b\000a\000s\000e\000d\000\040\000r\000o\000u\000t\000i\000n\000g\000\040\000y\000\040\000d\000e\000s\000a\000f\000\355\000o\000s\000\040\000a\000c\000t\000u\000a\000l\000e\000s}{section.2.5}% 35
\BOOKMARK [2][-]{subsection.2.5.4}{\376\377\000R\000e\000l\000a\000c\000i\000\363\000n\000\040\000e\000n\000t\000r\000e\000\040\000Q\000o\000S\000\040\000y\000\040\000t\000e\000l\000e\000m\000e\000t\000r\000\355\000a}{section.2.5}% 36
\BOOKMARK [0][-]{chapter.3}{\376\377\000T\000e\000l\000e\000m\000e\000t\000r\000\355\000a\000\040\000e\000n\000\040\000R\000e\000d\000e\000s\000\040\0005\000G}{}% 37
\BOOKMARK [1][-]{section.3.1}{\376\377\000N\000e\000c\000e\000s\000i\000d\000a\000d\000\040\000d\000e\000\040\000t\000e\000l\000e\000m\000e\000t\000r\000\355\000a\000\040\000e\000n\000\040\000r\000e\000d\000e\000s\000\040\000m\000o\000d\000e\000r\000n\000a\000s}{chapter.3}% 38
\BOOKMARK [2][-]{subsection.3.1.1}{\376\377\000L\000i\000m\000i\000t\000a\000c\000i\000o\000n\000e\000s\000\040\000d\000e\000\040\000m\000e\000c\000a\000n\000i\000s\000m\000o\000s\000\040\000t\000r\000a\000d\000i\000c\000i\000o\000n\000a\000l\000e\000s\000\040\000\050\000S\000N\000M\000P\000,\000\040\000N\000e\000t\000F\000l\000o\000w\000,\000\040\000s\000F\000l\000o\000w\000\051}{section.3.1}% 39
\BOOKMARK [2][-]{subsection.3.1.2}{\376\377\000R\000e\000q\000u\000i\000s\000i\000t\000o\000s\000\040\000d\000e\000\040\000v\000i\000s\000i\000b\000i\000l\000i\000d\000a\000d\000\040\000e\000n\000\040\000U\000R\000L\000L\000C\000,\000\040\000e\000M\000B\000B\000\040\000y\000\040\000m\000M\000T\000C}{section.3.1}% 40
\BOOKMARK [1][-]{section.3.2}{\376\377\000I\000n\000-\000B\000a\000n\000d\000\040\000N\000e\000t\000w\000o\000r\000k\000\040\000T\000e\000l\000e\000m\000e\000t\000r\000y\000\040\000\050\000I\000N\000T\000\051}{chapter.3}% 41
\BOOKMARK [2][-]{subsection.3.2.1}{\376\377\000C\000o\000n\000c\000e\000p\000t\000o\000\040\000y\000\040\000m\000o\000t\000i\000v\000a\000c\000i\000\363\000n}{section.3.2}% 42
\BOOKMARK [2][-]{subsection.3.2.2}{\376\377\000A\000r\000q\000u\000i\000t\000e\000c\000t\000u\000r\000a\000\040\000I\000N\000T\000:\000\040\000s\000o\000u\000r\000c\000e\000,\000\040\000t\000r\000a\000n\000s\000i\000t\000\040\000y\000\040\000s\000i\000n\000k}{section.3.2}% 43
\BOOKMARK [2][-]{subsection.3.2.3}{\376\377\000M\000e\000t\000a\000d\000a\000t\000o\000s\000\040\000I\000N\000T\000-\000M\000D\000\040\000y\000\040\000s\000u\000\040\000e\000s\000t\000r\000u\000c\000t\000u\000r\000a}{section.3.2}% 44
\BOOKMARK [2][-]{subsection.3.2.4}{\376\377\000I\000N\000T\000\040\000v\000s\000\040\000t\000e\000l\000e\000m\000e\000t\000r\000\355\000a\000\040\000o\000u\000t\000-\000o\000f\000-\000b\000a\000n\000d}{section.3.2}% 45
\BOOKMARK [1][-]{section.3.3}{\376\377\000T\000e\000l\000e\000m\000e\000t\000r\000\355\000a\000\040\000a\000p\000l\000i\000c\000a\000d\000a\000\040\000e\000n\000\040\0005\000G}{chapter.3}% 46
\BOOKMARK [2][-]{subsection.3.3.1}{\376\377\000R\000e\000l\000e\000v\000a\000n\000c\000i\000a\000\040\000d\000e\000\040\000I\000N\000T\000\040\000e\000n\000\040\000e\000l\000\040\000p\000l\000a\000n\000o\000\040\000d\000e\000\040\000c\000o\000n\000t\000r\000o\000l\000\040\000N\0002}{section.3.3}% 47
\BOOKMARK [2][-]{subsection.3.3.2}{\376\377\000R\000e\000l\000e\000v\000a\000n\000c\000i\000a\000\040\000d\000e\000\040\000I\000N\000T\000\040\000e\000n\000\040\000e\000l\000\040\000p\000l\000a\000n\000o\000\040\000d\000e\000\040\000u\000s\000u\000a\000r\000i\000o\000\040\000N\0003}{section.3.3}% 48
\BOOKMARK [2][-]{subsection.3.3.3}{\376\377\000M\000\351\000t\000r\000i\000c\000a\000s\000\040\000c\000l\000a\000v\000e\000\040\000p\000a\000r\000a\000\040\000t\000r\000\341\000f\000i\000c\000o\000\040\000G\000T\000P\000-\000U}{section.3.3}% 49
\BOOKMARK [2][-]{subsection.3.3.4}{\376\377\000D\000e\000s\000a\000f\000\355\000o\000s\000\040\000y\000\040\000l\000i\000m\000i\000t\000a\000c\000i\000o\000n\000e\000s\000\040\000e\000n\000\040\000r\000e\000d\000e\000s\000\040\000m\000\363\000v\000i\000l\000e\000s}{section.3.3}% 50
\BOOKMARK [0][-]{chapter.4}{\376\377\000F\000u\000n\000d\000a\000m\000e\000n\000t\000o\000s\000\040\000d\000e\000\040\000P\0004\000\040\000y\000\040\000P\000r\000o\000g\000r\000a\000m\000a\000c\000i\000\363\000n\000\040\000d\000e\000l\000\040\000P\000l\000a\000n\000o\000\040\000d\000e\000\040\000D\000a\000t\000o\000s}{}% 51
\BOOKMARK [1][-]{section.4.1}{\376\377\000I\000n\000t\000r\000o\000d\000u\000c\000c\000i\000\363\000n\000\040\000a\000\040\000P\0004}{chapter.4}% 52
\BOOKMARK [2][-]{subsection.4.1.1}{\376\377\000H\000i\000s\000t\000o\000r\000i\000a\000\040\000y\000\040\000e\000v\000o\000l\000u\000c\000i\000\363\000n}{section.4.1}% 53
\BOOKMARK [2][-]{subsection.4.1.2}{\376\377\000M\000o\000d\000e\000l\000o\000\040\000d\000e\000\040\000a\000r\000q\000u\000i\000t\000e\000c\000t\000u\000r\000a\000\040\000P\000I\000S\000A}{section.4.1}% 54
\BOOKMARK [2][-]{subsection.4.1.3}{\376\377\000P\0004\000\137\0001\0004\000\040\000v\000s\000\040\000P\0004\000\137\0001\0006}{section.4.1}% 55
\BOOKMARK [1][-]{section.4.2}{\376\377\000H\000e\000r\000r\000a\000m\000i\000e\000n\000t\000a\000s\000\040\000y\000\040\000e\000c\000o\000s\000i\000s\000t\000e\000m\000a\000\040\000P\0004}{chapter.4}% 56
\BOOKMARK [2][-]{subsection.4.2.1}{\376\377\000B\000M\000v\0002\000\040\000c\000o\000m\000o\000\040\000s\000w\000i\000t\000c\000h\000\040\000s\000o\000f\000t\000w\000a\000r\000e}{section.4.2}% 57
\BOOKMARK [2][-]{subsection.4.2.2}{\376\377\000P\0004\000C\000:\000\040\000c\000o\000m\000p\000i\000l\000a\000d\000o\000r}{section.4.2}% 58
\BOOKMARK [2][-]{subsection.4.2.3}{\376\377\000P\0004\000R\000u\000n\000t\000i\000m\000e\000:\000\040\000c\000o\000n\000t\000r\000o\000l\000\040\000d\000e\000l\000\040\000d\000a\000t\000a\000\040\000p\000l\000a\000n\000e}{section.4.2}% 59
\BOOKMARK [1][-]{section.4.3}{\376\377\000I\000m\000p\000l\000e\000m\000e\000n\000t\000a\000c\000i\000\363\000n\000\040\000d\000e\000\040\000I\000N\000T\000\040\000e\000n\000\040\000P\0004}{chapter.4}% 60
\BOOKMARK [2][-]{subsection.4.3.1}{\376\377\000D\000e\000f\000i\000n\000i\000c\000i\000\363\000n\000\040\000d\000e\000\040\000c\000a\000b\000e\000c\000e\000r\000a\000s\000\040\000I\000N\000T}{section.4.3}% 61
\BOOKMARK [2][-]{subsection.4.3.2}{\376\377\000P\000a\000r\000s\000i\000n\000g\000\040\000y\000\040\000d\000e\000p\000a\000r\000s\000i\000n\000g\000\040\000e\000n\000\040\000B\000M\000v\0002}{section.4.3}% 62
\BOOKMARK [2][-]{subsection.4.3.3}{\376\377\000I\000n\000y\000e\000c\000c\000i\000\363\000n\000\040\000h\000o\000p\000-\000b\000y\000-\000h\000o\000p\000\040\000d\000e\000\040\000m\000e\000t\000a\000d\000a\000t\000o\000s}{section.4.3}% 63
\BOOKMARK [2][-]{subsection.4.3.4}{\376\377\000L\000i\000m\000i\000t\000a\000c\000i\000o\000n\000e\000s\000\040\000d\000e\000l\000\040\000p\000i\000p\000e\000l\000i\000n\000e\000\040\000P\0004}{section.4.3}% 64
\BOOKMARK [0][-]{chapter.5}{\376\377\000E\000n\000t\000o\000r\000n\000o\000\040\000d\000e\000\040\000D\000e\000s\000a\000r\000r\000o\000l\000l\000o\000\040\000e\000\040\000I\000m\000p\000l\000e\000m\000e\000n\000t\000a\000c\000i\000\363\000n}{}% 65
\BOOKMARK [1][-]{section.5.1}{\376\377\000A\000r\000q\000u\000i\000t\000e\000c\000t\000u\000r\000a\000\040\000g\000e\000n\000e\000r\000a\000l\000\040\000d\000e\000l\000\040\000s\000i\000s\000t\000e\000m\000a}{chapter.5}% 66
\BOOKMARK [2][-]{subsection.5.1.1}{\376\377\000D\000e\000s\000c\000r\000i\000p\000c\000i\000\363\000n\000\040\000g\000e\000n\000e\000r\000a\000l\000\040\000d\000e\000l\000\040\000d\000i\000s\000e\000\361\000o}{section.5.1}% 67
\BOOKMARK [2][-]{subsection.5.1.2}{\376\377\000T\000o\000p\000o\000l\000o\000g\000\355\000a\000\040\000d\000e\000\040\000r\000e\000d}{section.5.1}% 68
\BOOKMARK [2][-]{subsection.5.1.3}{\376\377\000I\000n\000t\000e\000r\000a\000c\000c\000i\000\363\000n\000\040\000e\000n\000t\000r\000e\000\040\000N\000G\000R\000A\000N\000,\000\040\000A\000M\000F\000\040\000y\000\040\000s\000w\000i\000t\000c\000h\000e\000s\000\040\000P\0004}{section.5.1}% 69
\BOOKMARK [1][-]{section.5.2}{\376\377\000D\000e\000s\000p\000l\000i\000e\000g\000u\000e\000\040\000d\000e\000l\000\040\000C\000o\000r\000e\000\040\0005\000G\000\040\000S\000A}{chapter.5}% 70
\BOOKMARK [2][-]{subsection.5.2.1}{\376\377\000C\000o\000m\000p\000o\000n\000e\000n\000t\000e\000s\000\040\000u\000t\000i\000l\000i\000z\000a\000d\000o\000s}{section.5.2}% 71
\BOOKMARK [2][-]{subsection.5.2.2}{\376\377\000C\000o\000n\000f\000i\000g\000u\000r\000a\000c\000i\000\363\000n\000\040\000y\000\040\000o\000r\000q\000u\000e\000s\000t\000a\000c\000i\000\363\000n}{section.5.2}% 72
\BOOKMARK [2][-]{subsection.5.2.3}{\376\377\000I\000n\000t\000e\000g\000r\000a\000c\000i\000\363\000n\000\040\000c\000o\000n\000\040\000U\000E\000R\000A\000N\000S\000I\000M}{section.5.2}% 73
\BOOKMARK [1][-]{section.5.3}{\376\377\000I\000m\000p\000l\000e\000m\000e\000n\000t\000a\000c\000i\000\363\000n\000\040\000d\000e\000\040\000l\000a\000\040\000r\000e\000d\000\040\000d\000e\000\040\000d\000i\000s\000t\000r\000i\000b\000u\000c\000i\000\363\000n\000\040\000P\0004}{chapter.5}% 74
\BOOKMARK [2][-]{subsection.5.3.1}{\376\377\000D\000i\000s\000e\000\361\000o\000\040\000d\000e\000\040\000l\000o\000s\000\040\000p\000r\000o\000g\000r\000a\000m\000a\000s\000\040\000P\0004}{section.5.3}% 75
\BOOKMARK [2][-]{subsection.5.3.2}{\376\377\000T\000a\000b\000l\000a\000s\000\040\000y\000\040\000a\000c\000c\000i\000o\000n\000e\000s\000\040\000c\000o\000n\000f\000i\000g\000u\000r\000a\000d\000a\000s}{section.5.3}% 76
\BOOKMARK [2][-]{subsection.5.3.3}{\376\377\000I\000n\000s\000e\000r\000c\000i\000\363\000n\000\040\000I\000N\000T\000-\000M\000D\000\040\000e\000n\000\040\000t\000r\000\341\000f\000i\000c\000o\000\040\000N\0002\000\040\000\050\000S\000C\000T\000P\000\051}{section.5.3}% 77
\BOOKMARK [2][-]{subsection.5.3.4}{\376\377\000I\000n\000s\000e\000r\000c\000i\000\363\000n\000\040\000I\000N\000T\000-\000M\000D\000\040\000e\000n\000\040\000t\000r\000\341\000f\000i\000c\000o\000\040\000N\0003\000\040\000\050\000G\000T\000P\000-\000U\000\051}{section.5.3}% 78
\BOOKMARK [1][-]{section.5.4}{\376\377\000S\000e\000r\000v\000i\000d\000o\000r\000\040\000d\000e\000\040\000r\000e\000c\000o\000l\000e\000c\000c\000i\000\363\000n\000\040\000y\000\040\000a\000n\000\341\000l\000i\000s\000i\000s}{chapter.5}% 79
\BOOKMARK [2][-]{subsection.5.4.1}{\376\377\000I\000m\000p\000l\000e\000m\000e\000n\000t\000a\000c\000i\000\363\000n\000\040\000d\000e\000l\000\040\000s\000i\000n\000k\000\040\000I\000N\000T}{section.5.4}% 80
\BOOKMARK [2][-]{subsection.5.4.2}{\376\377\000P\000r\000o\000c\000e\000s\000a\000m\000i\000e\000n\000t\000o\000\040\000y\000\040\000p\000a\000r\000s\000i\000n\000g\000\040\000d\000e\000\040\000m\000e\000t\000a\000d\000a\000t\000o\000s}{section.5.4}% 81
\BOOKMARK [2][-]{subsection.5.4.3}{\376\377\000M\000o\000d\000e\000l\000o\000\040\000d\000e\000\040\000b\000a\000s\000e\000\040\000d\000e\000\040\000d\000a\000t\000o\000s}{section.5.4}% 82
\BOOKMARK [2][-]{subsection.5.4.4}{\376\377\000V\000i\000s\000u\000a\000l\000i\000z\000a\000c\000i\000\363\000n\000\040\000e\000n\000\040\000G\000r\000a\000f\000a\000n\000a}{section.5.4}% 83
\BOOKMARK [1][-]{section.5.5}{\376\377\000T\000e\000c\000n\000o\000l\000o\000g\000\355\000a\000s\000\040\000e\000m\000p\000l\000e\000a\000d\000a\000s}{chapter.5}% 84
\BOOKMARK [2][-]{subsection.5.5.1}{\376\377\000D\000o\000c\000k\000e\000r\000\040\000/\000\040\000D\000o\000c\000k\000e\000r\000\040\000C\000o\000m\000p\000o\000s\000e}{section.5.5}% 85
\BOOKMARK [2][-]{subsection.5.5.2}{\376\377\000G\000N\000S\0003\000\040\000/\000\040\000G\000N\000S\0003\000\040\000V\000M}{section.5.5}% 86
\BOOKMARK [2][-]{subsection.5.5.3}{\376\377\000W\000i\000r\000e\000s\000h\000a\000r\000k\000\040\000y\000\040\000h\000e\000r\000r\000a\000m\000i\000e\000n\000t\000a\000s\000\040\000a\000u\000x\000i\000l\000i\000a\000r\000e\000s}{section.5.5}% 87
\BOOKMARK [0][-]{chapter.6}{\376\377\000R\000e\000s\000u\000l\000t\000a\000d\000o\000s\000\040\000E\000x\000p\000e\000r\000i\000m\000e\000n\000t\000a\000l\000e\000s}{}% 88
\BOOKMARK [1][-]{section.6.1}{\376\377\000M\000e\000t\000o\000d\000o\000l\000o\000g\000\355\000a\000\040\000d\000e\000\040\000e\000v\000a\000l\000u\000a\000c\000i\000\363\000n}{chapter.6}% 89
\BOOKMARK [2][-]{subsection.6.1.1}{\376\377\000E\000s\000c\000e\000n\000a\000r\000i\000o\000s\000\040\000d\000e\000\040\000p\000r\000u\000e\000b\000a}{section.6.1}% 90
\BOOKMARK [2][-]{subsection.6.1.2}{\376\377\000T\000r\000\341\000f\000i\000c\000o\000\040\000a\000n\000a\000l\000i\000z\000a\000d\000o}{section.6.1}% 91
\BOOKMARK [2][-]{subsection.6.1.3}{\376\377\000M\000\351\000t\000r\000i\000c\000a\000s\000\040\000r\000e\000c\000o\000l\000e\000c\000t\000a\000d\000a\000s}{section.6.1}% 92
\BOOKMARK [1][-]{section.6.2}{\376\377\000V\000a\000l\000i\000d\000a\000c\000i\000\363\000n\000\040\000f\000u\000n\000c\000i\000o\000n\000a\000l}{chapter.6}% 93
\BOOKMARK [2][-]{subsection.6.2.1}{\376\377\000I\000N\000T\000\040\000e\000n\000\040\000t\000r\000\341\000f\000i\000c\000o\000\040\000N\0002}{section.6.2}% 94
\BOOKMARK [2][-]{subsection.6.2.2}{\376\377\000I\000N\000T\000\040\000e\000n\000\040\000t\000r\000\341\000f\000i\000c\000o\000\040\000N\0003}{section.6.2}% 95
\BOOKMARK [2][-]{subsection.6.2.3}{\376\377\000R\000e\000c\000e\000p\000c\000i\000\363\000n\000\040\000d\000e\000\040\000m\000e\000t\000a\000d\000a\000t\000o\000s\000\040\000e\000n\000\040\000e\000l\000\040\000s\000e\000r\000v\000i\000d\000o\000r}{section.6.2}% 96
\BOOKMARK [1][-]{section.6.3}{\376\377\000R\000e\000s\000u\000l\000t\000a\000d\000o\000s\000\040\000c\000u\000a\000n\000t\000i\000t\000a\000t\000i\000v\000o\000s}{chapter.6}% 97
\BOOKMARK [2][-]{subsection.6.3.1}{\376\377\000L\000a\000t\000e\000n\000c\000i\000a\000\040\000h\000o\000p\000-\000b\000y\000-\000h\000o\000p}{section.6.3}% 98
\BOOKMARK [2][-]{subsection.6.3.2}{\376\377\000C\000a\000r\000g\000a\000\040\000a\000d\000i\000c\000i\000o\000n\000a\000l\000\040\000i\000n\000t\000r\000o\000d\000u\000c\000i\000d\000a\000\040\000p\000o\000r\000\040\000I\000N\000T}{section.6.3}% 99
\BOOKMARK [2][-]{subsection.6.3.3}{\376\377\000I\000m\000p\000a\000c\000t\000o\000\040\000e\000n\000\040\000e\000l\000\040\000p\000l\000a\000n\000o\000\040\000d\000e\000\040\000u\000s\000u\000a\000r\000i\000o}{section.6.3}% 100
\BOOKMARK [1][-]{section.6.4}{\376\377\000R\000e\000s\000u\000l\000t\000a\000d\000o\000s\000\040\000c\000u\000a\000l\000i\000t\000a\000t\000i\000v\000o\000s}{chapter.6}% 101
\BOOKMARK [2][-]{subsection.6.4.1}{\376\377\000D\000a\000s\000h\000b\000o\000a\000r\000d\000s\000\040\000o\000b\000t\000e\000n\000i\000d\000o\000s}{section.6.4}% 102
\BOOKMARK [2][-]{subsection.6.4.2}{\376\377\000I\000n\000t\000e\000r\000p\000r\000e\000t\000a\000c\000i\000\363\000n\000\040\000d\000e\000\040\000t\000e\000n\000d\000e\000n\000c\000i\000a\000s}{section.6.4}% 103
\BOOKMARK [2][-]{subsection.6.4.3}{\376\377\000P\000r\000o\000b\000l\000e\000m\000a\000s\000\040\000e\000n\000c\000o\000n\000t\000r\000a\000d\000o\000s}{section.6.4}% 104
\BOOKMARK [0][-]{chapter.7}{\376\377\000D\000i\000s\000c\000u\000s\000i\000\363\000n}{}% 105
\BOOKMARK [1][-]{section.7.1}{\376\377\000A\000n\000\341\000l\000i\000s\000i\000s\000\040\000c\000r\000\355\000t\000i\000c\000o\000\040\000d\000e\000\040\000l\000o\000s\000\040\000r\000e\000s\000u\000l\000t\000a\000d\000o\000s}{chapter.7}% 106
\BOOKMARK [2][-]{subsection.7.1.1}{\376\377\000C\000o\000m\000p\000a\000r\000a\000c\000i\000\363\000n\000\040\000c\000o\000n\000\040\000e\000l\000\040\000e\000s\000t\000a\000d\000o\000\040\000d\000e\000l\000\040\000a\000r\000t\000e}{section.7.1}% 107
\BOOKMARK [2][-]{subsection.7.1.2}{\376\377\000V\000a\000l\000i\000d\000a\000c\000i\000\363\000n\000\040\000d\000e\000\040\000l\000a\000\040\000h\000i\000p\000\363\000t\000e\000s\000i\000s\000\040\000p\000l\000a\000n\000t\000e\000a\000d\000a}{section.7.1}% 108
\BOOKMARK [1][-]{section.7.2}{\376\377\000B\000e\000n\000e\000f\000i\000c\000i\000o\000s\000\040\000d\000e\000l\000\040\000u\000s\000o\000\040\000d\000e\000\040\000P\0004\000\040\000e\000n\000\040\000r\000e\000d\000e\000s\000\040\0005\000G}{chapter.7}% 109
\BOOKMARK [1][-]{section.7.3}{\376\377\000D\000e\000s\000a\000f\000\355\000o\000s\000\040\000d\000e\000\040\000e\000s\000c\000a\000l\000a\000b\000i\000l\000i\000d\000a\000d}{chapter.7}% 110
\BOOKMARK [1][-]{section.7.4}{\376\377\000C\000o\000n\000s\000i\000d\000e\000r\000a\000c\000i\000o\000n\000e\000s\000\040\000d\000e\000\040\000s\000e\000g\000u\000r\000i\000d\000a\000d\000\040\000p\000a\000r\000a\000\040\000I\000N\000T}{chapter.7}% 111
\BOOKMARK [1][-]{section.7.5}{\376\377\000L\000i\000m\000i\000t\000a\000c\000i\000o\000n\000e\000s\000\040\000d\000e\000l\000\040\000t\000r\000a\000b\000a\000j\000o\000\040\000r\000e\000a\000l\000i\000z\000a\000d\000o}{chapter.7}% 112
\BOOKMARK [0][-]{chapter.8}{\376\377\000C\000o\000n\000c\000l\000u\000s\000i\000o\000n\000e\000s\000\040\000y\000\040\000T\000r\000a\000b\000a\000j\000o\000\040\000F\000u\000t\000u\000r\000o}{}% 113
\BOOKMARK [1][-]{section.8.1}{\376\377\000C\000o\000n\000c\000l\000u\000s\000i\000o\000n\000e\000s\000\040\000p\000r\000i\000n\000c\000i\000p\000a\000l\000e\000s}{chapter.8}% 114
\BOOKMARK [1][-]{section.8.2}{\376\377\000C\000o\000n\000t\000r\000i\000b\000u\000c\000i\000o\000n\000e\000s\000\040\000d\000e\000l\000\040\000t\000r\000a\000b\000a\000j\000o}{chapter.8}% 115
\BOOKMARK [1][-]{section.8.3}{\376\377\000L\000i\000m\000i\000t\000a\000c\000i\000o\000n\000e\000s\000\040\000d\000e\000l\000\040\000e\000s\000t\000u\000d\000i\000o}{chapter.8}% 116
\BOOKMARK [1][-]{section.8.4}{\376\377\000L\000\355\000n\000e\000a\000s\000\040\000f\000u\000t\000u\000r\000a\000s\000\040\000d\000e\000\040\000i\000n\000v\000e\000s\000t\000i\000g\000a\000c\000i\000\363\000n}{chapter.8}% 117
\BOOKMARK [2][-]{subsection.8.4.1}{\376\377\000I\000N\000T\000\040\000e\000n\000\040\0006\000G}{section.8.4}% 118
\BOOKMARK [2][-]{subsection.8.4.2}{\376\377\000U\000P\000F\000\040\000p\000r\000o\000g\000r\000a\000m\000a\000b\000l\000e\000\040\000c\000o\000n\000\040\000P\0004}{section.8.4}% 119
\BOOKMARK [2][-]{subsection.8.4.3}{\376\377\000I\000A\000\040\000p\000a\000r\000a\000\040\000a\000n\000\341\000l\000i\000s\000i\000s\000\040\000d\000e\000\040\000t\000e\000l\000e\000m\000e\000t\000r\000\355\000a}{section.8.4}% 120
\BOOKMARK [0][-]{appendix.Alph1}{\376\377\000A\000p\000\351\000n\000d\000i\000c\000e\000s}{}% 121
\BOOKMARK [1][-]{section.Alph1.1}{\376\377\000C\000\363\000d\000i\000g\000o\000\040\000P\0004}{appendix.Alph1}% 122
\BOOKMARK [1][-]{section.Alph1.2}{\376\377\000T\000o\000p\000o\000l\000o\000g\000\355\000a\000s\000\040\000d\000e\000\040\000r\000e\000d}{appendix.Alph1}% 123
\BOOKMARK [1][-]{section.Alph1.3}{\376\377\000C\000o\000n\000f\000i\000g\000u\000r\000a\000c\000i\000o\000n\000e\000s\000\040\000d\000e\000l\000\040\000c\000o\000r\000e\000\040\0005\000G}{appendix.Alph1}% 124
\BOOKMARK [1][-]{section.Alph1.4}{\376\377\000C\000a\000p\000t\000u\000r\000a\000s\000\040\000d\000e\000\040\000t\000r\000\341\000f\000i\000c\000o}{appendix.Alph1}% 125
\BOOKMARK [1][-]{section.Alph1.5}{\376\377\000D\000a\000s\000h\000b\000o\000a\000r\000d\000s\000\040\000d\000e\000\040\000G\000r\000a\000f\000a\000n\000a}{appendix.Alph1}% 126
\BOOKMARK [1][-]{section.Alph1.6}{\376\377\000S\000c\000r\000i\000p\000t\000s\000\040\000y\000\040\000h\000e\000r\000r\000a\000m\000i\000e\000n\000t\000a\000s\000\040\000a\000u\000x\000i\000l\000i\000a\000r\000e\000s}{appendix.Alph1}% 127
